<?xml version="1.0" encoding="UTF-8"?>
<!-- Generated by org.testng.reporters.JUnitReportReporter -->
<testsuite hostname="BLR-REG-338464" failures="0" tests="2" name="com.stackroute.demoproject.DataDrivenTest" time="0.008" errors="0" timestamp="2025-04-13T15:59:56 IST" skipped="0">
  <testcase classname="com.stackroute.demoproject.DataDrivenTest" name="testDemo" time="0.001"/>
  <testcase classname="com.stackroute.demoproject.DataDrivenTest" name="testDemo" time="0.007"/>
</testsuite> <!-- com.stackroute.demoproject.DataDrivenTest -->
