<?xml version="1.0" encoding="UTF-8"?>
<!-- Generated by org.testng.reporters.JUnitReportReporter -->
<testsuite hostname="BLR-REG-338464" failures="0" tests="1" name="com.stackroute.demoproject.BasicAuto08Test" time="6.633" errors="0" timestamp="2025-02-06T09:50:17 IST" skipped="0">
  <testcase classname="com.stackroute.demoproject.BasicAuto08Test" name="testKeyboardAction" time="6.633"/>
</testsuite> <!-- com.stackroute.demoproject.BasicAuto08Test -->
