<?xml version="1.0" encoding="UTF-8"?>
<!-- Generated by org.testng.reporters.JUnitReportReporter -->
<testsuite hostname="BLR-REG-338464" failures="0" tests="2" name="com.stackroute.demoproject.BasicAuto07Test" time="6.815" errors="0" timestamp="2025-02-06T09:41:33 IST" skipped="0">
  <testcase classname="com.stackroute.demoproject.BasicAuto07Test" name="testMouseAction" time="3.734"/>
  <testcase classname="com.stackroute.demoproject.BasicAuto07Test" name="testFrame" time="3.081"/>
</testsuite> <!-- com.stackroute.demoproject.BasicAuto07Test -->
