<?xml version="1.0" encoding="UTF-8"?>
<!-- Generated by org.testng.reporters.JUnitReportReporter -->
<testsuite hostname="BLR-REG-338464" failures="0" tests="1" name="com.stackroute.demoproject.BasicAuto01Test" time="16.531" errors="0" timestamp="2025-01-26T12:21:19 IST" skipped="0">
  <testcase classname="com.stackroute.demoproject.BasicAuto01Test" name="testBay" time="16.531"/>
</testsuite> <!-- com.stackroute.demoproject.BasicAuto01Test -->
