<?xml version="1.0" encoding="UTF-8"?>
<!-- Generated by org.testng.reporters.JUnitReportReporter -->
<testsuite hostname="BLR-REG-338464" failures="0" tests="1" name="com.stackroute.demoproject.Auto02Test" time="0.002" errors="0" timestamp="2025-01-19T11:59:59 IST" skipped="0">
  <testcase classname="com.stackroute.demoproject.Auto02Test" name="testAdd" time="0.002"/>
</testsuite> <!-- com.stackroute.demoproject.Auto02Test -->
