<?xml version="1.0" encoding="UTF-8"?>
<!-- Generated by org.testng.reporters.JUnitReportReporter -->
<testsuite hostname="BLR-REG-338464" failures="0" tests="1" name="com.stackroute.demoproject.BasicAuto03Test" time="18.562" errors="0" timestamp="2025-01-27T09:15:05 IST" skipped="0">
  <testcase classname="com.stackroute.demoproject.BasicAuto03Test" name="testSearch" time="18.562"/>
</testsuite> <!-- com.stackroute.demoproject.BasicAuto03Test -->
