<?xml version="1.0" encoding="UTF-8"?>
<!-- Generated by org.testng.reporters.JUnitReportReporter -->
<testsuite hostname="BLR-REG-338464" failures="0" tests="1" name="com.stackroute.demoproject.BasicAuto04Test" time="17.728" errors="0" timestamp="2025-01-27T09:23:43 IST" skipped="0">
  <testcase classname="com.stackroute.demoproject.BasicAuto04Test" name="testSearch" time="17.728"/>
</testsuite> <!-- com.stackroute.demoproject.BasicAuto04Test -->
