<?xml version="1.0" encoding="UTF-8"?>
<!-- Generated by org.testng.reporters.JUnitReportReporter -->
<testsuite hostname="BLR-REG-338464" failures="0" tests="1" name="com.stackroute.demoproject.BasicAuto05Test" time="16.362" errors="0" timestamp="2025-01-28T09:20:02 IST" skipped="0">
  <testcase classname="com.stackroute.demoproject.BasicAuto05Test" name="testSearch" time="16.362"/>
</testsuite> <!-- com.stackroute.demoproject.BasicAuto05Test -->
