<?xml version="1.0" encoding="UTF-8"?>
<!-- Generated by org.testng.reporters.JUnitReportReporter -->
<testsuite hostname="BLR-REG-338464" failures="0" tests="1" name="com.stackroute.demoproject.BasicAuto09Test" time="13.533" errors="0" timestamp="2025-02-06T10:03:41 IST" skipped="0">
  <testcase classname="com.stackroute.demoproject.BasicAuto09Test" name="testSwitchtoWindow" time="13.533"/>
</testsuite> <!-- com.stackroute.demoproject.BasicAuto09Test -->
