<?xml version="1.0" encoding="UTF-8"?>
<!-- Generated by org.testng.reporters.JUnitReportReporter -->
<testsuite hostname="BLR-REG-338464" failures="0" tests="1" name="com.stackroute.demoproject.BasicAuto02Test" time="20.600" errors="0" timestamp="2025-01-26T19:54:06 IST" skipped="0">
  <testcase classname="com.stackroute.demoproject.BasicAuto02Test" name="testLogin" time="20.600"/>
</testsuite> <!-- com.stackroute.demoproject.BasicAuto02Test -->
